0 info it worked if it ends with ok
1 verbose cli [ '/usr/local/bin/node',
1 verbose cli   '/usr/local/bin/npm',
1 verbose cli   'install',
1 verbose cli   '-g',
1 verbose cli   'webpack' ]
2 info using npm@2.14.4
3 info using node@v4.1.1
4 verbose install initial load of /usr/local/lib/package.json
5 verbose readDependencies loading dependencies from /usr/local/lib/package.json
6 silly cache add args [ 'webpack', null ]
7 verbose cache add spec webpack
8 silly cache add parsed spec Result {
8 silly cache add   raw: 'webpack',
8 silly cache add   scope: null,
8 silly cache add   name: 'webpack',
8 silly cache add   rawSpec: '',
8 silly cache add   spec: '*',
8 silly cache add   type: 'range' }
9 silly addNamed webpack@*
10 verbose addNamed "*" is a valid semver range for webpack
11 silly addNameRange { name: 'webpack', range: '*', hasData: false }
12 silly mapToRegistry name webpack
13 silly mapToRegistry using default registry
14 silly mapToRegistry registry https://registry.npmjs.org/
15 silly mapToRegistry uri https://registry.npmjs.org/webpack
16 verbose addNameRange registry:https://registry.npmjs.org/webpack not in flight; fetching
17 verbose request uri https://registry.npmjs.org/webpack
18 verbose request no auth needed
19 info attempt registry request try #1 at 12:39:37 PM
20 verbose request id c57b0b09e46cd228
21 verbose etag "A4C80FRQS5YMUH32I42T3QDN3"
22 http request GET https://registry.npmjs.org/webpack
23 http 200 https://registry.npmjs.org/webpack
24 silly get cb [ 200,
24 silly get   { server: 'CouchDB/1.5.0 (Erlang OTP/R16B03)',
24 silly get     etag: '"7D74CAKGZIIR6VOB91T9E3ZNF"',
24 silly get     'content-type': 'application/json',
24 silly get     'cache-control': 'max-age=60',
24 silly get     'content-length': '707334',
24 silly get     'accept-ranges': 'bytes',
24 silly get     date: 'Wed, 18 Nov 2015 20:39:38 GMT',
24 silly get     via: '1.1 varnish',
24 silly get     age: '37',
24 silly get     connection: 'keep-alive',
24 silly get     'x-served-by': 'cache-sjc3127-SJC',
24 silly get     'x-cache': 'HIT',
24 silly get     'x-cache-hits': '2',
24 silly get     'x-timer': 'S1447879178.192177,VS0,VE0',
24 silly get     vary: 'Accept' } ]
25 verbose get saving webpack to /Users/Thomas/.npm/registry.npmjs.org/webpack/.cache.json
26 silly addNameRange number 2 { name: 'webpack', range: '*', hasData: true }
27 silly addNameRange versions [ 'webpack',
27 silly addNameRange   [ '0.1.0',
27 silly addNameRange     '0.1.1',
27 silly addNameRange     '0.1.2',
27 silly addNameRange     '0.1.3',
27 silly addNameRange     '0.1.4',
27 silly addNameRange     '0.1.5',
27 silly addNameRange     '0.1.6',
27 silly addNameRange     '0.2.0',
27 silly addNameRange     '0.2.1',
27 silly addNameRange     '0.2.2',
27 silly addNameRange     '0.2.3',
27 silly addNameRange     '0.2.4',
27 silly addNameRange     '0.2.6',
27 silly addNameRange     '0.2.7',
27 silly addNameRange     '0.2.8',
27 silly addNameRange     '0.3.0',
27 silly addNameRange     '0.3.1',
27 silly addNameRange     '0.3.2',
27 silly addNameRange     '0.3.3',
27 silly addNameRange     '0.3.4',
27 silly addNameRange     '0.3.6',
27 silly addNameRange     '0.3.7',
27 silly addNameRange     '0.3.8',
27 silly addNameRange     '0.3.9',
27 silly addNameRange     '0.3.10',
27 silly addNameRange     '0.3.11',
27 silly addNameRange     '0.3.12',
27 silly addNameRange     '0.3.13',
27 silly addNameRange     '0.3.14',
27 silly addNameRange     '0.3.15',
27 silly addNameRange     '0.3.16',
27 silly addNameRange     '0.3.17',
27 silly addNameRange     '0.3.18',
27 silly addNameRange     '0.3.19',
27 silly addNameRange     '0.3.20',
27 silly addNameRange     '0.4.0',
27 silly addNameRange     '0.4.1',
27 silly addNameRange     '0.4.2',
27 silly addNameRange     '0.4.3',
27 silly addNameRange     '0.4.4',
27 silly addNameRange     '0.4.5',
27 silly addNameRange     '0.4.6',
27 silly addNameRange     '0.4.7',
27 silly addNameRange     '0.4.8',
27 silly addNameRange     '0.4.9',
27 silly addNameRange     '0.4.10',
27 silly addNameRange     '0.4.11',
27 silly addNameRange     '0.4.12',
27 silly addNameRange     '0.4.13',
27 silly addNameRange     '0.4.14',
27 silly addNameRange     '0.4.15',
27 silly addNameRange     '0.4.16',
27 silly addNameRange     '0.4.17',
27 silly addNameRange     '0.4.18',
27 silly addNameRange     '0.4.19',
27 silly addNameRange     '0.4.20',
27 silly addNameRange     '0.4.21',
27 silly addNameRange     '0.4.23',
27 silly addNameRange     '0.4.24',
27 silly addNameRange     '0.4.25',
27 silly addNameRange     '0.5.0',
27 silly addNameRange     '0.5.1',
27 silly addNameRange     '0.5.2',
27 silly addNameRange     '0.5.3',
27 silly addNameRange     '0.5.4',
27 silly addNameRange     '0.5.5',
27 silly addNameRange     '0.5.6',
27 silly addNameRange     '0.5.7',
27 silly addNameRange     '0.5.8',
27 silly addNameRange     '0.5.10',
27 silly addNameRange     '0.6.0',
27 silly addNameRange     '0.6.1',
27 silly addNameRange     '0.6.2',
27 silly addNameRange     '0.7.0-beta',
27 silly addNameRange     '0.7.0-beta2',
27 silly addNameRange     '0.7.0-beta3',
27 silly addNameRange     '0.7.0-beta4',
27 silly addNameRange     '0.7.0-beta5',
27 silly addNameRange     '0.7.0-beta6',
27 silly addNameRange     '0.7.0-beta7',
27 silly addNameRange     '0.7.0-beta8',
27 silly addNameRange     '0.7.0',
27 silly addNameRange     '0.7.1',
27 silly addNameRange     '0.7.2',
27 silly addNameRange     '0.7.3',
27 silly addNameRange     '0.7.4',
27 silly addNameRange     '0.7.5',
27 silly addNameRange     '0.7.6',
27 silly addNameRange     '0.7.7',
27 silly addNameRange     '0.7.8',
27 silly addNameRange     '0.7.9',
27 silly addNameRange     '0.7.11',
27 silly addNameRange     '0.7.12',
27 silly addNameRange     '0.7.13',
27 silly addNameRange     '0.7.14',
27 silly addNameRange     '0.7.15',
27 silly addNameRange     '0.7.16',
27 silly addNameRange     '0.7.17',
27 silly addNameRange     '0.8.0-beta1',
27 silly addNameRange     '0.8.0-beta2',
27 silly addNameRange     '0.8.0-beta3',
27 silly addNameRange     '0.8.0-beta4',
27 silly addNameRange     '0.8.0',
27 silly addNameRange     '0.8.2',
27 silly addNameRange     '0.8.3',
27 silly addNameRange     '0.9.0-beta1',
27 silly addNameRange     '0.9.0-beta2',
27 silly addNameRange     '0.9.0-beta4',
27 silly addNameRange     '0.9.0-beta5',
27 silly addNameRange     '0.9.0-beta6',
27 silly addNameRange     '0.9.0-beta7',
27 silly addNameRange     '0.9.0-beta8',
27 silly addNameRange     '0.9.0-beta9',
27 silly addNameRange     '0.9.0-beta10',
27 silly addNameRange     '0.9.0-beta11',
27 silly addNameRange     '0.9.0-beta12',
27 silly addNameRange     '0.9.0-beta13',
27 silly addNameRange     '0.9.0-beta14',
27 silly addNameRange     '0.9.0-beta15',
27 silly addNameRange     '0.9.0-beta16',
27 silly addNameRange     '0.9.0-beta17',
27 silly addNameRange     '0.9.0-beta18',
27 silly addNameRange     '0.9.0-beta19',
27 silly addNameRange     '0.9.0-beta20',
27 silly addNameRange     '0.9.0-beta21',
27 silly addNameRange     '0.9.0-beta22',
27 silly addNameRange     '0.9.0-beta23',
27 silly addNameRange     '0.9.0-beta24',
27 silly addNameRange     '0.9.0-beta25',
27 silly addNameRange     '0.9.0-beta26',
27 silly addNameRange     '0.9.0-beta27',
27 silly addNameRange     '0.9.0-beta28',
27 silly addNameRange     '0.9.0-beta29',
27 silly addNameRange     '0.9.0-beta30',
27 silly addNameRange     '0.9.0-beta31',
27 silly addNameRange     '0.9.0-beta32',
27 silly addNameRange     '0.9.0-beta33',
27 silly addNameRange     '0.9.0-beta34',
27 silly addNameRange     '0.9.0-beta35',
27 silly addNameRange     '0.9.0-beta36',
27 silly addNameRange     '0.9.0-beta37',
27 silly addNameRange     '0.9.0-beta38',
27 silly addNameRange     '0.9.0',
27 silly addNameRange     '0.9.1',
27 silly addNameRange     '0.9.2',
27 silly addNameRange     '0.9.3',
27 silly addNameRange     '0.10.0-beta2',
27 silly addNameRange     '0.10.0-beta3',
27 silly addNameRange     '0.10.0-beta5',
27 silly addNameRange     '0.10.0-beta6',
27 silly addNameRange     '0.10.0-beta7',
27 silly addNameRange     '0.10.0-beta8',
27 silly addNameRange     '0.10.0-beta9',
27 silly addNameRange     '0.10.0-beta10',
27 silly addNameRange     '0.10.0-beta11',
27 silly addNameRange     '0.10.0-beta12',
27 silly addNameRange     '0.10.0-beta13',
27 silly addNameRange     '0.10.0-beta14',
27 silly addNameRange     '0.10.0-beta15',
27 silly addNameRange     '0.10.0-beta16',
27 silly addNameRange     '0.10.0-beta17',
27 silly addNameRange     '0.10.0-beta18',
27 silly addNameRange     '0.10.0-beta19',
27 silly addNameRange     '0.10.0-beta20',
27 silly addNameRange     '0.10.0-beta21',
27 silly addNameRange     '0.10.0-beta22',
27 silly addNameRange     '0.10.0-beta23',
27 silly addNameRange     '0.10.0-beta24',
27 silly addNameRange     '0.10.0-beta25',
27 silly addNameRange     '0.10.0',
27 silly addNameRange     '0.11.0-beta1',
27 silly addNameRange     '0.11.0-beta2',
27 silly addNameRange     '0.11.0-beta3',
27 silly addNameRange     '0.11.0-beta4',
27 silly addNameRange     '0.11.0-beta5',
27 silly addNameRange     '0.11.0-beta6',
27 silly addNameRange     '0.11.0-beta7',
27 silly addNameRange     '0.11.0-beta8',
27 silly addNameRange     '0.11.0-beta9',
27 silly addNameRange     '0.11.0-beta10',
27 silly addNameRange     '0.11.0-beta11',
27 silly addNameRange     '0.11.0-beta12',
27 silly addNameRange     '0.11.0-beta13',
27 silly addNameRange     '0.11.0-beta14',
27 silly addNameRange     '0.11.0-beta15',
27 silly addNameRange     '0.11.0-beta16',
27 silly addNameRange     '0.11.0-beta17',
27 silly addNameRange     '0.11.0-beta18',
27 silly addNameRange     '0.11.0-beta19',
27 silly addNameRange     '0.11.0-beta20',
27 silly addNameRange     '0.11.0-beta21',
27 silly addNameRange     '0.11.0-beta22',
27 silly addNameRange     '0.11.0-beta23',
27 silly addNameRange     '0.11.0-beta24',
27 silly addNameRange     '0.11.0-beta25',
27 silly addNameRange     '0.11.0-beta26',
27 silly addNameRange     '0.11.0-beta27',
27 silly addNameRange     '0.11.0-beta28',
27 silly addNameRange     '0.11.0-beta29',
27 silly addNameRange     '0.11.0',
27 silly addNameRange     '0.11.1',
27 silly addNameRange     '0.11.2',
27 silly addNameRange     '0.11.3',
27 silly addNameRange     '0.11.4',
27 silly addNameRange     '0.11.5',
27 silly addNameRange     '0.11.6',
27 silly addNameRange     '0.11.7',
27 silly addNameRange     '0.11.8',
27 silly addNameRange     '0.11.9',
27 silly addNameRange     '0.11.10',
27 silly addNameRange     '0.11.11',
27 silly addNameRange     '0.11.12',
27 silly addNameRange     '0.11.13',
27 silly addNameRange     '0.11.14',
27 silly addNameRange     '0.11.15',
27 silly addNameRange     '1.0.0-beta1',
27 silly addNameRange     '1.0.0-beta2',
27 silly addNameRange     '1.0.0-beta3',
27 silly addNameRange     '1.0.0-beta4',
27 silly addNameRange     '0.11.16',
27 silly addNameRange     '0.11.17',
27 silly addNameRange     '0.11.18',
27 silly addNameRange     '1.0.0-beta5',
27 silly addNameRange     '1.0.0-beta6',
27 silly addNameRange     '1.0.0-beta7',
27 silly addNameRange     '1.0.0-beta8',
27 silly addNameRange     '1.0.0-beta9',
27 silly addNameRange     '1.0.0-rc1',
27 silly addNameRange     '1.0.0-rc2',
27 silly addNameRange     '1.0.0-rc3',
27 silly addNameRange     '1.0.0-rc4',
27 silly addNameRange     '1.0.0-rc5',
27 silly addNameRange     '1.0.0-rc7',
27 silly addNameRange     '1.0.0-rc8',
27 silly addNameRange     '1.0.0-rc9',
27 silly addNameRange     '1.0.0-rc11',
27 silly addNameRange     '1.0.0-rc12',
27 silly addNameRange     '1.0.0',
27 silly addNameRange     '1.0.1',
27 silly addNameRange     '1.0.3',
27 silly addNameRange     '1.0.4',
27 silly addNameRange     '1.0.5',
27 silly addNameRange     '1.1.0-beta1',
27 silly addNameRange     '1.1.0-beta2',
27 silly addNameRange     '1.1.0-beta3',
27 silly addNameRange     '1.1.0-beta4',
27 silly addNameRange     '1.1.0-beta5',
27 silly addNameRange     '1.1.0-beta6',
27 silly addNameRange     '1.1.0-beta7',
27 silly addNameRange     '1.1.0-beta8',
27 silly addNameRange     '1.1.0-beta9',
27 silly addNameRange     '1.1.0-beta10',
27 silly addNameRange     '1.1.0-beta12',
27 silly addNameRange     '1.1.0',
27 silly addNameRange     '1.1.1',
27 silly addNameRange     '1.1.2',
27 silly addNameRange     '1.1.3',
27 silly addNameRange     '1.1.4',
27 silly addNameRange     '1.1.5',
27 silly addNameRange     '1.1.6',
27 silly addNameRange     '1.1.7',
27 silly addNameRange     '1.1.8',
27 silly addNameRange     '1.1.9',
27 silly addNameRange     '1.1.10',
27 silly addNameRange     '1.1.11',
27 silly addNameRange     '1.2.0-beta1',
27 silly addNameRange     '1.2.0-beta2',
27 silly addNameRange     '1.2.0-beta4',
27 silly addNameRange     '1.2.0-beta5',
27 silly addNameRange     '1.2.0-beta6',
27 silly addNameRange     '1.3.0-beta1',
27 silly addNameRange     '1.3.0-beta2',
27 silly addNameRange     '1.3.0-beta3',
27 silly addNameRange     '1.3.0-beta4',
27 silly addNameRange     '1.3.0-beta5',
27 silly addNameRange     '1.3.0-beta6',
27 silly addNameRange     '1.3.0-beta7',
27 silly addNameRange     '1.3.0-beta8',
27 silly addNameRange     '1.3.0-beta9',
27 silly addNameRange     '1.3.1-beta1',
27 silly addNameRange     '1.3.1-beta2',
27 silly addNameRange     '1.3.1-beta3',
27 silly addNameRange     '1.3.1-beta4',
27 silly addNameRange     '1.3.1-beta5',
27 silly addNameRange     '1.3.1-beta6',
27 silly addNameRange     '1.3.1-beta7',
27 silly addNameRange     '1.3.1-beta8',
27 silly addNameRange     '1.3.1-beta9',
27 silly addNameRange     '1.3.2-beta1',
27 silly addNameRange     '1.3.2-beta2',
27 silly addNameRange     '1.3.2-beta3',
27 silly addNameRange     '1.3.2-beta4',
27 silly addNameRange     '1.3.2-beta5',
27 silly addNameRange     '1.3.2-beta6',
27 silly addNameRange     '1.3.2-beta7',
27 silly addNameRange     '1.3.2-beta8',
27 silly addNameRange     '1.3.2-beta9',
27 silly addNameRange     '1.3.3-beta1',
27 silly addNameRange     '1.3.3-beta2',
27 silly addNameRange     '1.3.4',
27 silly addNameRange     '1.3.5',
27 silly addNameRange     '1.3.6',
27 silly addNameRange     '1.3.7',
27 silly addNameRange     '1.4.0-beta1',
27 silly addNameRange     '1.4.0-beta2',
27 silly addNameRange     '1.4.0-beta3',
27 silly addNameRange     '1.4.0-beta4',
27 silly addNameRange     '1.4.0-beta5',
27 silly addNameRange     '1.4.0-beta6',
27 silly addNameRange     '1.4.0-beta7',
27 silly addNameRange     '1.4.0-beta8',
27 silly addNameRange     '1.4.0-beta9',
27 silly addNameRange     '1.4.0-beta10',
27 silly addNameRange     '1.4.1-beta1',
27 silly addNameRange     '1.4.2',
27 silly addNameRange     '1.4.3',
27 silly addNameRange     '1.4.4',
27 silly addNameRange     '1.4.5',
27 silly addNameRange     '1.4.6',
27 silly addNameRange     '1.4.7',
27 silly addNameRange     '1.4.8',
27 silly addNameRange     '1.4.9',
27 silly addNameRange     '1.4.10',
27 silly addNameRange     '1.4.11',
27 silly addNameRange     '1.4.12',
27 silly addNameRange     '1.4.13',
27 silly addNameRange     '1.4.14',
27 silly addNameRange     '1.4.15',
27 silly addNameRange     '1.5.0',
27 silly addNameRange     '1.5.1',
27 silly addNameRange     '1.5.2',
27 silly addNameRange     '1.5.3',
27 silly addNameRange     '1.6.0',
27 silly addNameRange     '1.7.0',
27 silly addNameRange     '1.7.1',
27 silly addNameRange     '1.7.2',
27 silly addNameRange     '1.7.3',
27 silly addNameRange     '1.8.0',
27 silly addNameRange     '1.8.1',
27 silly addNameRange     '1.8.2',
27 silly addNameRange     '1.8.3',
27 silly addNameRange     '1.8.4',
27 silly addNameRange     '1.8.5',
27 silly addNameRange     '1.8.6',
27 silly addNameRange     '1.8.7',
27 silly addNameRange     '1.8.8',
27 silly addNameRange     '1.8.9',
27 silly addNameRange     '1.8.10',
27 silly addNameRange     '1.8.11',
27 silly addNameRange     '1.9.0',
27 silly addNameRange     '1.9.1',
27 silly addNameRange     '1.9.2',
27 silly addNameRange     '1.9.3',
27 silly addNameRange     '1.9.4',
27 silly addNameRange     '1.9.5',
27 silly addNameRange     '1.9.6',
27 silly addNameRange     '1.9.7',
27 silly addNameRange     '1.9.8',
27 silly addNameRange     '1.9.9',
27 silly addNameRange     '1.9.10',
27 silly addNameRange     '1.9.11',
27 silly addNameRange     '1.9.12',
27 silly addNameRange     '1.9.13',
27 silly addNameRange     '1.10.0',
27 silly addNameRange     '1.10.1',
27 silly addNameRange     '1.10.2',
27 silly addNameRange     '1.10.3',
27 silly addNameRange     '1.10.4',
27 silly addNameRange     '1.10.5',
27 silly addNameRange     '1.11.0',
27 silly addNameRange     '1.12.0',
27 silly addNameRange     '1.12.1',
27 silly addNameRange     '1.12.2',
27 silly addNameRange     '2.0.0-beta',
27 silly addNameRange     '1.12.3',
27 silly addNameRange     '1.12.4',
27 silly addNameRange     '1.12.5',
27 silly addNameRange     '1.12.6' ] ]
28 silly addNamed webpack@1.12.6
29 verbose addNamed "1.12.6" is a plain semver version for webpack
30 silly cache afterAdd webpack@1.12.6
31 verbose afterAdd /Users/Thomas/.npm/webpack/1.12.6/package/package.json not in flight; writing
32 verbose afterAdd /Users/Thomas/.npm/webpack/1.12.6/package/package.json written
33 silly install resolved [ { name: 'webpack',
33 silly install resolved     version: '1.12.6',
33 silly install resolved     author: { name: 'Tobias Koppers @sokra' },
33 silly install resolved     description: 'Packs CommonJs/AMD modules for the browser. Allows to split your codebase into multiple bundles, which can be loaded on demand. Support loaders to preprocess files, i.e. json, jade, coffee, css, less, ... and your custom stuff.',
33 silly install resolved     dependencies:
33 silly install resolved      { async: '^1.3.0',
33 silly install resolved        clone: '^1.0.2',
33 silly install resolved        'enhanced-resolve': '~0.9.0',
33 silly install resolved        esprima: '^2.5.0',
33 silly install resolved        interpret: '^0.6.4',
33 silly install resolved        'loader-utils': '^0.2.11',
33 silly install resolved        'memory-fs': '~0.2.0',
33 silly install resolved        mkdirp: '~0.5.0',
33 silly install resolved        'node-libs-browser': '>= 0.4.0 <=0.6.0',
33 silly install resolved        optimist: '~0.6.0',
33 silly install resolved        'supports-color': '^3.1.0',
33 silly install resolved        tapable: '~0.1.8',
33 silly install resolved        'uglify-js': '~2.6.0',
33 silly install resolved        watchpack: '^0.2.1',
33 silly install resolved        'webpack-core': '~0.6.0' },
33 silly install resolved     license: 'MIT',
33 silly install resolved     devDependencies:
33 silly install resolved      { benchmark: '^1.0.0',
33 silly install resolved        'bundle-loader': '~0.5.0',
33 silly install resolved        'codecov.io': '^0.1.2',
33 silly install resolved        'coffee-loader': '~0.7.1',
33 silly install resolved        'coffee-script': '^1.10.0',
33 silly install resolved        'component-webpack-plugin': '~0.2.0',
33 silly install resolved        coveralls: '^2.11.2',
33 silly install resolved        'css-loader': '~0.15.0',
33 silly install resolved        diff: '^2.0.2',
33 silly install resolved        eslint: '^1.1.0',
33 silly install resolved        'eslint-plugin-nodeca': '^1.0.3',
33 silly install resolved        express: '~4.13.1',
33 silly install resolved        'extract-text-webpack-plugin': '~0.8.0',
33 silly install resolved        'file-loader': '~0.8.0',
33 silly install resolved        glob: '^5.0.14',
33 silly install resolved        'i18n-webpack-plugin': '~0.2.0',
33 silly install resolved        istanbul: '^0.3.13',
33 silly install resolved        jade: '^1.11.0',
33 silly install resolved        'jade-loader': '~0.7.0',
33 silly install resolved        'js-beautify': '^1.5.10',
33 silly install resolved        'json-loader': '~0.5.1',
33 silly install resolved        less: '^2.5.1',
33 silly install resolved        'less-loader': '^2.0.0',
33 silly install resolved        mocha: '~2.2.0',
33 silly install resolved        'mocha-lcov-reporter': '0.0.2',
33 silly install resolved        'raw-loader': '~0.5.0',
33 silly install resolved        'script-loader': '~0.6.0',
33 silly install resolved        should: '^7.0.2',
33 silly install resolved        'style-loader': '~0.12.0',
33 silly install resolved        'url-loader': '~0.5.0',
33 silly install resolved        'val-loader': '~0.5.0',
33 silly install resolved        'vm-browserify': '~0.0.0',
33 silly install resolved        'webpack-dev-middleware': '^1.0.0',
33 silly install resolved        'worker-loader': '~0.6.0' },
33 silly install resolved     engines: { node: '>=0.6' },
33 silly install resolved     repository:
33 silly install resolved      { type: 'git',
33 silly install resolved        url: 'git+https://github.com/webpack/webpack.git' },
33 silly install resolved     homepage: 'https://github.com/webpack/webpack',
33 silly install resolved     main: 'lib/webpack.js',
33 silly install resolved     web: 'lib/webpack.web.js',
33 silly install resolved     bin: { webpack: './bin/webpack.js' },
33 silly install resolved     files: [ 'lib/', 'bin/', 'buildin/', 'hot/', 'web_modules/' ],
33 silly install resolved     scripts:
33 silly install resolved      { pretest: 'npm run lint && npm run beautify-lint',
33 silly install resolved        test: 'mocha',
33 silly install resolved        travis: 'npm run cover -- --report lcovonly',
33 silly install resolved        lint: 'eslint lib bin hot scripts',
33 silly install resolved        'beautify-lint': 'node ./scripts/beautify-check',
33 silly install resolved        beautify: 'node ./scripts/beautify-rewrite',
33 silly install resolved        precover: 'npm run lint && npm run beautify-lint',
33 silly install resolved        cover: 'istanbul cover -x *.runtime.js node_modules/mocha/bin/_mocha',
33 silly install resolved        'publish-patch': 'mocha && npm version patch && git push && git push --tags && npm publish' },
33 silly install resolved     gitHead: '7c3e68e8df03cdcef7a6102f61ed4b8cc91cda78',
33 silly install resolved     bugs: { url: 'https://github.com/webpack/webpack/issues' },
33 silly install resolved     _id: 'webpack@1.12.6',
33 silly install resolved     _shasum: '66cee3fc18a29d428809995cc76fd66dfc4df14a',
33 silly install resolved     _from: 'webpack@*',
33 silly install resolved     _npmVersion: '2.10.1',
33 silly install resolved     _nodeVersion: '0.12.4',
33 silly install resolved     _npmUser: { name: 'sokra', email: 'tobias.koppers@googlemail.com' },
33 silly install resolved     maintainers: [ [Object] ],
33 silly install resolved     dist:
33 silly install resolved      { shasum: '66cee3fc18a29d428809995cc76fd66dfc4df14a',
33 silly install resolved        tarball: 'http://registry.npmjs.org/webpack/-/webpack-1.12.6.tgz' },
33 silly install resolved     directories: {},
33 silly install resolved     _resolved: 'https://registry.npmjs.org/webpack/-/webpack-1.12.6.tgz',
33 silly install resolved     readme: 'ERROR: No README data found!' } ]
34 info install webpack@1.12.6 into /usr/local/lib
35 info installOne webpack@1.12.6
36 verbose installOne of webpack to /usr/local/lib not in flight; installing
37 verbose lock using /Users/Thomas/.npm/_locks/webpack-865c90cad072eb35.lock for /usr/local/lib/node_modules/webpack
38 silly install write writing webpack 1.12.6 to /usr/local/lib/node_modules/webpack
39 verbose unbuild lib/node_modules/webpack
40 info preuninstall webpack@1.12.6
41 info uninstall webpack@1.12.6
42 verbose unbuild rmStuff webpack@1.12.6 from /usr/local/lib/node_modules
43 silly gentlyRm /usr/local/bin/webpack is being gently removed
44 silly gentlyRm verifying /usr/local is an npm working directory
45 silly gentlyRm containing path /usr/local is under npm's control, in /usr/local
46 silly gentlyRm deletion target /usr/local/bin/webpack is under /usr/local
47 verbose gentlyRm vacuuming from /usr/local/bin/webpack up to /usr/local
48 silly vacuum-fs removing /usr/local/bin/webpack
49 silly vacuum-fs quitting because other entries in /usr/local/bin
50 info postuninstall webpack@1.12.6
51 silly gentlyRm /usr/local/lib/node_modules/webpack is being purged from base /usr/local
52 verbose gentlyRm don't care about contents; nuking /usr/local/lib/node_modules/webpack
53 silly vacuum-fs purging /usr/local/lib/node_modules/webpack
54 verbose unlock done using /Users/Thomas/.npm/_locks/webpack-865c90cad072eb35.lock for /usr/local/lib/node_modules/webpack
55 verbose stack Error: EACCES: permission denied, rmdir '/usr/local/lib/node_modules/webpack'
55 verbose stack     at Error (native)
56 verbose cwd /Users/Thomas/TIY-Projects/undefinedproject
57 error Darwin 14.5.0
58 error argv "/usr/local/bin/node" "/usr/local/bin/npm" "install" "-g" "webpack"
59 error node v4.1.1
60 error npm  v2.14.4
61 error path /usr/local/lib/node_modules/webpack
62 error code EACCES
63 error errno -13
64 error syscall rmdir
65 error Error: EACCES: permission denied, rmdir '/usr/local/lib/node_modules/webpack'
65 error     at Error (native)
65 error  { [Error: EACCES: permission denied, rmdir '/usr/local/lib/node_modules/webpack']
65 error   errno: -13,
65 error   code: 'EACCES',
65 error   syscall: 'rmdir',
65 error   path: '/usr/local/lib/node_modules/webpack' }
66 error Please try running this command again as root/Administrator.
67 verbose exit [ -13, true ]
68 verbose unbuild lib/node_modules/webpack
69 info preuninstall webpack@1.12.6
70 info uninstall webpack@1.12.6
71 verbose unbuild rmStuff webpack@1.12.6 from /usr/local/lib/node_modules
72 silly gentlyRm /usr/local/bin/webpack is being gently removed
73 silly gentlyRm verifying /usr/local is an npm working directory
74 silly gentlyRm containing path /usr/local is under npm's control, in /usr/local
75 silly gentlyRm deletion target /usr/local/bin/webpack is under /usr/local
76 verbose gentlyRm vacuuming from /usr/local/bin/webpack up to /usr/local
77 info postuninstall webpack@1.12.6
78 silly gentlyRm /usr/local/lib/node_modules/webpack is being purged from base /usr/local
79 verbose gentlyRm don't care about contents; nuking /usr/local/lib/node_modules/webpack
80 silly vacuum-fs purging /usr/local/lib/node_modules/webpack
81 error error rolling back Error: EACCES: permission denied, rmdir '/usr/local/lib/node_modules/webpack'
81 error error rolling back     at Error (native)
81 error error rolling back  { [Error: EACCES: permission denied, rmdir '/usr/local/lib/node_modules/webpack']
81 error error rolling back   errno: -13,
81 error error rolling back   code: 'EACCES',
81 error error rolling back   syscall: 'rmdir',
81 error error rolling back   path: '/usr/local/lib/node_modules/webpack' }
